2026-01-14 16:38:12.594 WARNING streamlit.runtime.caching.cache_data_api: No runtime found, using MemoryCacheStorageManager
2026-01-14 16:38:12,605 INFO Adding job tentatively -- it will be properly scheduled when the scheduler starts
2026-01-14 16:38:12,605 INFO Adding job tentatively -- it will be properly scheduled when the scheduler starts
2026-01-14 16:38:12,605 INFO Adding job tentatively -- it will be properly scheduled when the scheduler starts
2026-01-14 16:38:12,606 INFO Adding job tentatively -- it will be properly scheduled when the scheduler starts
2026-01-14 16:38:12,606 INFO Scheduler started.
2026-01-14 16:38:12,609 INFO Added job "nightly_job" to job store "default"
2026-01-14 16:38:12,611 INFO Added job "update_today_job" to job store "default"
2026-01-14 16:38:12,612 INFO Added job "dispatch_checkins_job" to job store "default"
2026-01-14 16:38:12,613 INFO Added job "hunting_tick_job" to job store "default"
2026-01-14 16:38:12,613 INFO Scheduler started
2026-01-14 16:39:00,005 INFO Running job "dispatch_checkins_job (trigger: cron[second='0'], next run at: 2026-01-14 16:39:00 CET)" (scheduled at 2026-01-14 16:39:00+01:00)
2026-01-14 16:39:00,012 INFO Job "dispatch_checkins_job (trigger: cron[second='0'], next run at: 2026-01-14 16:40:00 CET)" executed successfully
2026-01-14 16:40:00,004 INFO Running job "dispatch_checkins_job (trigger: cron[second='0'], next run at: 2026-01-14 16:41:00 CET)" (scheduled at 2026-01-14 16:40:00+01:00)
2026-01-14 16:40:00,006 INFO Job "dispatch_checkins_job (trigger: cron[second='0'], next run at: 2026-01-14 16:41:00 CET)" executed successfully
2026-01-14 16:41:00,008 INFO Running job "dispatch_checkins_job (trigger: cron[second='0'], next run at: 2026-01-14 16:42:00 CET)" (scheduled at 2026-01-14 16:41:00+01:00)
2026-01-14 16:41:00,009 INFO Job "dispatch_checkins_job (trigger: cron[second='0'], next run at: 2026-01-14 16:42:00 CET)" executed successfully
2026-01-14 16:42:00,010 INFO Running job "dispatch_checkins_job (trigger: cron[second='0'], next run at: 2026-01-14 16:43:00 CET)" (scheduled at 2026-01-14 16:42:00+01:00)
2026-01-14 16:42:00,011 INFO Job "dispatch_checkins_job (trigger: cron[second='0'], next run at: 2026-01-14 16:43:00 CET)" executed successfully
2026-01-14 16:43:00,006 INFO Running job "dispatch_checkins_job (trigger: cron[second='0'], next run at: 2026-01-14 16:44:00 CET)" (scheduled at 2026-01-14 16:43:00+01:00)
2026-01-14 16:43:00,008 INFO Job "dispatch_checkins_job (trigger: cron[second='0'], next run at: 2026-01-14 16:44:00 CET)" executed successfully
